[18:52:38] [ServerMain/INFO]: Environment: authHost='https://authserver.mojang.com', accountsHost='https://api.mojang.com', sessionHost='https://sessionserver.mojang.com', servicesHost='https://api.minecraftservices.com', name='PROD'
[18:52:40] [ServerMain/INFO]: Loaded 7 recipes
[18:52:41] [ServerMain/INFO]: Loaded 1271 advancements
[18:52:41] [Server thread/INFO]: Starting minecraft server version 1.20.1
[18:52:41] [Server thread/INFO]: Loading properties
[18:52:41] [Server thread/INFO]: Default game type: SURVIVAL
[18:52:41] [Server thread/INFO]: Generating keypair
[18:52:41] [Server thread/INFO]: Starting Minecraft server on *:25565
[18:52:41] [Server thread/INFO]: Using epoll channel type
[18:52:42] [Server thread/WARN]: **** SERVER IS RUNNING IN OFFLINE/INSECURE MODE!
[18:52:42] [Server thread/WARN]: The server will make no attempt to authenticate usernames. Beware.
[18:52:42] [Server thread/WARN]: While this makes the game possible to play without internet access, it also opens up the ability for hackers to connect with any username they choose.
[18:52:42] [Server thread/WARN]: To change this, set "online-mode" to "true" in the server.properties file.
[18:52:42] [Server thread/INFO]: Preparing level "world"
[18:52:47] [Server thread/INFO]: Preparing start region for dimension minecraft:overworld
[18:52:53] [Worker-Main-1/INFO]: Preparing spawn area: 0%
[18:52:53] [Worker-Main-1/INFO]: Preparing spawn area: 0%
[18:52:53] [Worker-Main-1/INFO]: Preparing spawn area: 0%
[18:52:53] [Worker-Main-1/INFO]: Preparing spawn area: 0%
[18:52:53] [Worker-Main-1/INFO]: Preparing spawn area: 0%
[18:52:53] [Worker-Main-1/INFO]: Preparing spawn area: 0%
[18:52:53] [Worker-Main-1/INFO]: Preparing spawn area: 0%
[18:52:53] [Worker-Main-1/INFO]: Preparing spawn area: 0%
[18:52:53] [Worker-Main-1/INFO]: Preparing spawn area: 0%
[18:52:53] [Worker-Main-1/INFO]: Preparing spawn area: 0%
[18:52:53] [Worker-Main-1/INFO]: Preparing spawn area: 0%
[18:52:53] [Worker-Main-1/INFO]: Preparing spawn area: 0%
[18:52:53] [Worker-Main-1/INFO]: Preparing spawn area: 0%
[18:52:54] [Worker-Main-1/INFO]: Preparing spawn area: 0%
[18:52:54] [Worker-Main-1/INFO]: Preparing spawn area: 0%
[18:52:55] [Worker-Main-1/INFO]: Preparing spawn area: 0%
[18:52:55] [Worker-Main-1/INFO]: Preparing spawn area: 0%
[18:52:56] [Worker-Main-1/INFO]: Preparing spawn area: 0%
[18:52:56] [Worker-Main-1/INFO]: Preparing spawn area: 0%
[18:52:57] [Server thread/INFO]: Time elapsed: 9664 ms
[18:52:57] [Server thread/INFO]: Done (15.306s)! For help, type "help"
[18:53:19] [Server thread/INFO]: Thecno662[/127.130.73.7:55365] logged in with entity id 97 at (1459.2573523793985, 126.0, -248.48300507555498)
[18:53:19] [Server thread/INFO]: Thecno662 joined the game
[18:53:21] [Server thread/WARN]: Can't keep up! Is the server overloaded? Running 2389ms or 47 ticks behind
[18:54:37] [Server thread/INFO]: [Thecno662: Gave 1 [Anvil] to Thecno662]
[18:55:09] [Server thread/INFO]: [Thecno662: Applied enchantment Mending to Thecno662's item]
[18:58:19] [Server thread/INFO]: [Thecno662: Gave 1 [Diamond Shovel] to Thecno662]
[19:03:27] [Server thread/INFO]: [Thecno662: Gave 128 [Coal] to Thecno662]
[19:19:38] [Server thread/INFO]: [Thecno662: Applied effect Haste to Thecno662]
[19:20:18] [Server thread/WARN]: Mismatch in destroy block pos: gu{x=1419, y=126, z=-246} gu{x=1420, y=126, z=-246}
[19:20:18] [Server thread/WARN]: Mismatch in destroy block pos: gu{x=1419, y=126, z=-246} gu{x=1420, y=126, z=-246}
[19:20:18] [Server thread/WARN]: Mismatch in destroy block pos: gu{x=1419, y=126, z=-246} gu{x=1420, y=126, z=-246}
[19:23:51] [Server thread/INFO]: [Thecno662: Applied enchantment Efficiency V to Thecno662's item]
[19:25:49] [Server thread/INFO]: [Thecno662: Gave 16 [Torch] to Thecno662]
[19:26:01] [Server thread/INFO]: [Thecno662: Gave 16 [Torch] to Thecno662]
[19:30:00] [Server thread/INFO]: [Thecno662: Applied effect Haste to Thecno662]
[19:31:29] [Server thread/INFO]: [Thecno662: Removed effect Haste from Thecno662]
[19:36:12] [Server thread/INFO]: [Thecno662: Gave 1 [Stone] to Thecno662]
[19:40:36] [Server thread/WARN]: Mismatch in destroy block pos: gu{x=1420, y=124, z=-229} gu{x=1420, y=124, z=-227}
[19:45:24] [Server thread/INFO]: [Thecno662: Gave 10 [Cooked Salmon] to Thecno662]
[19:45:54] [Server thread/INFO]: [Thecno662: Gave 10 [Raw Salmon] to Thecno662]
[19:46:50] [Server thread/INFO]: Thecno662 has made the advancement [Best Friends Forever]
[19:51:13] [Server thread/INFO]: Rumo_fr3[/127.103.1.35:52747] logged in with entity id 14928 at (1473.4093238284506, 124.0, -202.22263024033296)
[19:51:13] [Server thread/INFO]: Rumo_fr3 joined the game
[19:51:54] [Server thread/INFO]: Rumo_fr3 has made the advancement [Hidden in the Depths]
[20:00:44] [Server thread/INFO]: Rumo_fr3 lost connection: Timed out
[20:00:44] [Server thread/INFO]: Rumo_fr3 left the game
[20:00:54] [Server thread/INFO]: Rumo_fr3[/127.103.1.35:43807] logged in with entity id 16917 at (1515.300000011921, -52.0, -144.34167102142084)
[20:00:54] [Server thread/INFO]: Rumo_fr3 joined the game
[20:00:54] [Server thread/INFO]: Thecno662 lost connection: You logged in from another location
[20:00:54] [Server thread/INFO]: Thecno662 left the game
[20:00:54] [Server thread/INFO]: Thecno662[/127.130.73.7:53437] logged in with entity id 16945 at (1424.523114834771, 124.0, -250.20681938716513)
[20:00:54] [Server thread/INFO]: Thecno662 joined the game
[20:03:12] [Server thread/INFO]: Thecno662 lost connection: Disconnected
[20:03:12] [Server thread/INFO]: Thecno662 left the game
[20:03:28] [Server thread/INFO]: Thecno662[/127.130.73.7:49839] logged in with entity id 17674 at (1498.9107988307362, 121.0, -158.62661822854125)
[20:03:28] [Server thread/INFO]: Thecno662 joined the game
[20:08:02] [Server thread/INFO]: [Thecno662: Teleported Rumo_fr3 to Thecno662]
[20:10:08] [Server thread/INFO]: Rumo_fr3 was slain by Thecno662
[20:11:25] [Server thread/INFO]: [Not Secure] <Thecno662> 1416 125 -230
[20:13:00] [Server thread/INFO]: Rumo_fr3 lost connection: Disconnected
[20:13:00] [Server thread/INFO]: Rumo_fr3 left the game
[20:13:04] [Server thread/INFO]: Rumo_fr3[/127.103.1.35:35509] logged in with entity id 21137 at (960.146366075529, 104.0, -206.86284338990492)
[20:13:04] [Server thread/INFO]: Rumo_fr3 joined the game
